$ turbo type-check
turbo 2.5.6

• Packages in scope: @neonpro/agui-protocol, @neonpro/ai-providers, @neonpro/analytics, @neonpro/api, @neonpro/chat-domain, @neonpro/cli-helpers, @neonpro/config, @neonpro/core-services, @neonpro/database, @neonpro/domain, @neonpro/governance, @neonpro/monitoring, @neonpro/schemas, @neonpro/security, @neonpro/shared, @neonpro/tools, @neonpro/types, @neonpro/ui, @neonpro/utils, @neonpro/validators, @neonpro/web
• Running type-check in 21 packages
• Remote caching enabled
@neonpro/validators:build: cache miss, executing f7270b99ca5efd90
@neonpro/web:type-check: cache miss, executing beb59cee7a689cae
@neonpro/validators:build: $ bun x tsc
@neonpro/web:type-check: $ tsc --noEmit
@neonpro/types:type-check: cache miss, executing 4377f68c07008284
@neonpro/config:type-check: cache miss, executing 7be2a9f64351f5bb
@neonpro/types:type-check: $ bun x tsc -p tsconfig.json --noEmit
@neonpro/config:type-check: $ tsc -p tsconfig.json --noEmit
@neonpro/ai-providers:type-check: cache miss, executing 88e9bd388ca2dc88
@neonpro/ai-providers:type-check: $ tsc --noEmit
@neonpro/domain:type-check: cache miss, executing 52693b6b9d7e6d30
@neonpro/domain:type-check: $ tsc --noEmit
@neonpro/cli-helpers:type-check: cache miss, executing 756f124a7cd3a288
@neonpro/cli-helpers:type-check: $ tsc --noEmit
@neonpro/utils:build: cache miss, executing f92cf4c26a862be4
@neonpro/utils:build: $ bun x tsc -p tsconfig.json
@neonpro/domain:build: cache miss, executing 1cf83ac5ecf3cae0
@neonpro/ui:type-check: cache miss, executing 1d574f437022108a
@neonpro/domain:build: $ bun x tsc
@neonpro/ui:type-check: $ bun x tsc --noEmit
@neonpro/monitoring:type-check: cache miss, executing 55dcf597c36de9e4
@neonpro/monitoring:type-check: $ tsc --noEmit
@neonpro/config:build: cache miss, executing f8a603d486fe6de3
@neonpro/config:build: $ bun x tsc -p tsconfig.json
@neonpro/utils:type-check: cache miss, executing 1c929121276fd280
@neonpro/utils:type-check: $ tsc -p tsconfig.json --noEmit
@neonpro/governance:type-check: cache miss, executing 3d2d96d4caf7d223
@neonpro/governance:type-check: $ tsc --noEmit
@neonpro/types:build: cache miss, executing 6ff5d13690846b1e
@neonpro/types:build: $ bun x tsc -b
@neonpro/utils:build: src/lgpd.ts(52,11): error TS18048: 'local' is possibly 'undefined'.
@neonpro/utils:build: src/lgpd.ts(53,23): error TS18048: 'local' is possibly 'undefined'.
@neonpro/utils:build: src/lgpd.ts(70,29): error TS18048: 'domain' is possibly 'undefined'.
@neonpro/utils:build: src/lgpd.ts(73,15): error TS2532: Object is possibly 'undefined'.
@neonpro/utils:build: src/lgpd.ts(75,40): error TS2532: Object is possibly 'undefined'.
@neonpro/utils:build: src/lgpd.ts(75,71): error TS2532: Object is possibly 'undefined'.
@neonpro/utils:build: src/lgpd.ts(78,40): error TS2532: Object is possibly 'undefined'.
@neonpro/utils:build: src/lgpd.ts(78,71): error TS2532: Object is possibly 'undefined'.
@neonpro/utils:build: src/lgpd.ts(78,106): error TS2532: Object is possibly 'undefined'.
@neonpro/utils:build: src/lgpd.ts(78,137): error TS2532: Object is possibly 'undefined'.
@neonpro/utils:build: src/lgpd.ts(82,32): error TS2532: Object is possibly 'undefined'.
@neonpro/utils:build: src/lgpd.ts(82,63): error TS2532: Object is possibly 'undefined'.
@neonpro/utils:build: src/lgpd.ts(89,11): error TS18048: 'local' is possibly 'undefined'.
@neonpro/utils:build: src/lgpd.ts(90,26): error TS18048: 'local' is possibly 'undefined'.
@neonpro/utils:build: src/lgpd.ts(91,28): error TS18048: 'baseName' is possibly 'undefined'.
@neonpro/utils:build: src/lgpd.ts(91,53): error TS18048: 'baseName' is possibly 'undefined'.
@neonpro/utils:build: src/lgpd.ts(92,29): error TS18048: 'domain' is possibly 'undefined'.
@neonpro/utils:build: src/lgpd.ts(93,30): error TS2532: Object is possibly 'undefined'.
@neonpro/utils:build: src/lgpd.ts(93,61): error TS2532: Object is possibly 'undefined'.
@neonpro/utils:build: src/lgpd.ts(99,27): error TS18048: 'local' is possibly 'undefined'.
@neonpro/utils:build: src/lgpd.ts(99,49): error TS18048: 'local' is possibly 'undefined'.
@neonpro/utils:build: src/lgpd.ts(100,27): error TS18048: 'domain' is possibly 'undefined'.
@neonpro/utils:build: src/lgpd.ts(101,28): error TS2532: Object is possibly 'undefined'.
@neonpro/utils:build: src/lgpd.ts(101,59): error TS2532: Object is possibly 'undefined'.
@neonpro/utils:build: src/lgpd.ts(125,42): error TS6133: 'match' is declared but its value is never read.
@neonpro/utils:build: src/lgpd.ts(138,33): error TS6133: 'partialRedaction' is declared but its value is never read.
@neonpro/utils:build: src/lgpd.ts(190,6): error TS6133: 'match' is declared but its value is never read.
@neonpro/utils:build: ERROR: command finished with error: command (/home/vibecode/neonpro/packages/utils) /home/vibecode/neonpro/node_modules/.bin/bun run build exited (2)
@neonpro/utils#build: command (/home/vibecode/neonpro/packages/utils) /home/vibecode/neonpro/node_modules/.bin/bun run build exited (2)

 Tasks:    8 successful, 15 total
Cached:    0 cached, 15 total
  Time:    4.192s 
Failed:    @neonpro/utils#build

 ERROR  run failed: command  exited (2)

Process completed with exit code 2
Runtime: 4.894s
