{"numTotalTestSuites":7,"numPassedTestSuites":0,"numFailedTestSuites":7,"numPendingTestSuites":0,"numTotalTests":0,"numPassedTests":0,"numFailedTests":0,"numPendingTests":0,"numTodoTests":0,"snapshot":{"added":0,"failure":false,"filesAdded":0,"filesRemoved":0,"filesRemovedList":[],"filesUnmatched":0,"filesUpdated":0,"matched":0,"total":0,"unchecked":0,"uncheckedKeysByFile":[],"unmatched":0,"updated":0,"didUpdate":false},"startTime":1758399243582,"success":false,"testResults":[{"assertionResults":[],"startTime":1758399243582,"endTime":1758399243582,"status":"failed","message":"Missing \"./services/audit.service\" specifier in \"@neonpro/database\" package","name":"/home/vibecode/neonpro/tests/integration/appointment-query.test.ts"},{"assertionResults":[],"startTime":1758399243582,"endTime":1758399243582,"status":"failed","message":"Missing \"./services/audit.service\" specifier in \"@neonpro/database\" package","name":"/home/vibecode/neonpro/tests/integration/data-agent-endpoint.test.ts"},{"assertionResults":[],"startTime":1758399243582,"endTime":1758399243582,"status":"failed","message":"Missing \"./services/audit.service\" specifier in \"@neonpro/database\" package","name":"/home/vibecode/neonpro/tests/integration/feedback-endpoint.test.ts"},{"assertionResults":[],"startTime":1758399243582,"endTime":1758399243582,"status":"failed","message":"Missing \"./services/audit.service\" specifier in \"@neonpro/database\" package","name":"/home/vibecode/neonpro/tests/integration/https-enforcement.test.ts"},{"assertionResults":[],"startTime":1758399243582,"endTime":1758399243582,"status":"failed","message":"Missing \"./services/audit.service\" specifier in \"@neonpro/database\" package","name":"/home/vibecode/neonpro/tests/integration/performance-handshake.test.ts"},{"assertionResults":[],"startTime":1758399243582,"endTime":1758399243582,"status":"failed","message":"Missing \"./services/audit.service\" specifier in \"@neonpro/database\" package","name":"/home/vibecode/neonpro/tests/integration/performance-response.test.ts"},{"assertionResults":[],"startTime":1758399243582,"endTime":1758399243582,"status":"failed","message":"Missing \"./services/audit.service\" specifier in \"@neonpro/database\" package","name":"/home/vibecode/neonpro/tests/integration/sessions-endpoint.test.ts"}]}