<testsuites id="" name="" tests="12" failures="0" skipped="12" errors="0" time="0.10843299999999999">
<testsuite name="auth\authentication.spec.ts" timestamp="2025-08-20T19:04:01.782Z" hostname="desktop-chrome" tests="4" failures="0" skipped="4" time="0" errors="0">
<testcase name="Authentication Flow - E2E › should display login interface" classname="auth\authentication.spec.ts" time="0">
<skipped>
</skipped>
</testcase>
<testcase name="Authentication Flow - E2E › should handle unauthenticated access gracefully" classname="auth\authentication.spec.ts" time="0">
<skipped>
</skipped>
</testcase>
<testcase name="Authentication Flow - E2E › should have proper form validation on login attempts" classname="auth\authentication.spec.ts" time="0">
<skipped>
</skipped>
</testcase>
<testcase name="Authentication Flow - E2E › should handle invalid login credentials properly" classname="auth\authentication.spec.ts" time="0">
<skipped>
</skipped>
</testcase>
</testsuite>
<testsuite name="auth\login.spec.ts" timestamp="2025-08-20T19:04:01.782Z" hostname="desktop-chrome" tests="5" failures="0" skipped="5" time="0" errors="0">
<testcase name="Authentication - Login Flow › should login successfully with valid credentials" classname="auth\login.spec.ts" time="0">
<skipped>
</skipped>
</testcase>
<testcase name="Authentication - Login Flow › should show error for invalid credentials" classname="auth\login.spec.ts" time="0">
<skipped>
</skipped>
</testcase>
<testcase name="Authentication - Login Flow › should validate required fields" classname="auth\login.spec.ts" time="0">
<skipped>
</skipped>
</testcase>
<testcase name="Authentication - Login Flow › should validate email format" classname="auth\login.spec.ts" time="0">
<skipped>
</skipped>
</testcase>
<testcase name="Authentication - Logout Flow › should logout successfully" classname="auth\login.spec.ts" time="0">
<skipped>
</skipped>
</testcase>
</testsuite>
<testsuite name="patient-management\create-patient.spec.ts" timestamp="2025-08-20T19:04:01.782Z" hostname="desktop-chrome" tests="3" failures="0" skipped="3" time="0" errors="0">
<testcase name="Patient Management - Create Patient › should create new patient successfully" classname="patient-management\create-patient.spec.ts" time="0">
<skipped>
</skipped>
</testcase>
<testcase name="Patient Management - Create Patient › should validate required fields" classname="patient-management\create-patient.spec.ts" time="0">
<skipped>
</skipped>
</testcase>
<testcase name="Patient Management - Create Patient › should validate CPF format" classname="patient-management\create-patient.spec.ts" time="0">
<skipped>
</skipped>
</testcase>
</testsuite>
</testsuites>