specs/contracts/architecture-validator.contract.ts(7,15): error TS2459: Module '"./file-scanner.contract"' declares 'CodeAsset' locally, but it is not exported.
specs/contracts/dependency-analyzer.contract.ts(7,15): error TS2459: Module '"./file-scanner.contract"' declares 'CodeAsset' locally, but it is not exported.
specs/contracts/dependency-analyzer.contract.ts(7,32): error TS6059: File '/home/vibecode/neonpro/tools/monorepo-audit/specs/contracts/file-scanner.contract.ts' is not under 'rootDir' '/home/vibecode/neonpro/tools/monorepo-audit/src'. 'rootDir' is expected to contain all source files.
  The file is in the program because:
    Imported via './file-scanner.contract' from file '/home/vibecode/neonpro/tools/monorepo-audit/specs/contracts/dependency-analyzer.contract.ts'
    Imported via './file-scanner.contract' from file '/home/vibecode/neonpro/tools/monorepo-audit/specs/contracts/architecture-validator.contract.ts'
specs/contracts/dependency-analyzer.contract.ts(7,32): error TS6307: File '/home/vibecode/neonpro/tools/monorepo-audit/specs/contracts/file-scanner.contract.ts' is not listed within the file list of project '/home/vibecode/neonpro/tools/monorepo-audit/tsconfig.build.json'. Projects must list all files or use an 'include' pattern.
  The file is in the program because:
    Imported via './file-scanner.contract' from file '/home/vibecode/neonpro/tools/monorepo-audit/specs/contracts/dependency-analyzer.contract.ts'
    Imported via './file-scanner.contract' from file '/home/vibecode/neonpro/tools/monorepo-audit/specs/contracts/architecture-validator.contract.ts'
src/cli/commands/analyze.ts(38,51): error TS2554: Expected 1 arguments, but got 2.
src/cli/commands/analyze.ts(99,25): error TS2551: Property 'importanceScore' does not exist on type 'GraphNode'. Did you mean 'importance'?
src/cli/commands/analyze.ts(100,30): error TS2339: Property 'dependents' does not exist on type 'GraphNode'.
src/cli/commands/audit.ts(73,47): error TS2554: Expected 1 arguments, but got 2.
src/cli/commands/audit.ts(137,11): error TS2345: Argument of type '{ documentPaths: any; validateTurborepoStandards: any; validateHonoPatterns: any; validateTanStackRouterPatterns: any; includeSeverities: string[]; suggestAutoFixes: boolean; }' is not assignable to parameter of type 'ValidationOptions'.
  Types of property 'includeSeverities' are incompatible.
    Type 'string[]' is not assignable to type 'RuleSeverity[]'.
      Type 'string' is not assignable to type 'RuleSeverity'.
src/cli/commands/audit.ts(159,44): error TS2339: Property 'findUnusedAssets' does not exist on type 'CleanupEngine'.
src/cli/commands/audit.ts(160,27): error TS2339: Property 'findUnusedAssets' does not exist on type 'CleanupEngine'.
src/cli/commands/audit.ts(177,11): error TS2345: Argument of type '{ dryRun: boolean; createBackups: boolean; backupDirectory: any; requireConfirmation: boolean; batchSize: number; preservePermissions: boolean; excludeActionTypes: never[]; }' is not assignable to parameter of type 'CleanupOptions'.
  Type '{ dryRun: boolean; createBackups: boolean; backupDirectory: any; requireConfirmation: boolean; batchSize: number; preservePermissions: boolean; excludeActionTypes: never[]; }' is missing the following properties from type 'CleanupOptions': createBackup, interactive, force
src/cli/commands/audit.ts(279,9): error TS2345: Argument of type '{ fileResults: any; dependencyResults: any; architectureResults: any; cleanupResults: any; performanceMetrics: { totalExecutionTime: number; memoryUsage: number; peakMemoryUsage: number; ... 5 more ...; cpuUsage: number; }; }' is not assignable to parameter of type 'AuditData'.
  Types of property 'performanceMetrics' are incompatible.
    Type '{ totalExecutionTime: number; memoryUsage: number; peakMemoryUsage: number; filesProcessedPerSecond: number; fileScanTime: number; dependencyAnalysisTime: number; architectureValidationTime: number; dependenciesAnalyzedPerSecond: number; cpuUsage: number; }' is missing the following properties from type 'PerformanceMetrics': phaseExecutionTimes, ioStatistics, throughputMetrics
src/cli/commands/audit.ts(297,51): error TS2345: Argument of type '{ fileResults: any; dependencyResults: any; architectureResults: any; cleanupResults: any; performanceMetrics: { totalExecutionTime: number; memoryUsage: number; peakMemoryUsage: number; ... 5 more ...; cpuUsage: number; }; }' is not assignable to parameter of type 'AuditData'.
  Types of property 'performanceMetrics' are incompatible.
    Type '{ totalExecutionTime: number; memoryUsage: number; peakMemoryUsage: number; filesProcessedPerSecond: number; fileScanTime: number; dependencyAnalysisTime: number; architectureValidationTime: number; dependenciesAnalyzedPerSecond: number; cpuUsage: number; }' is missing the following properties from type 'PerformanceMetrics': phaseExecutionTimes, ioStatistics, throughputMetrics
src/cli/commands/cleanup.ts(9,3): error TS2305: Module '"../../types/index.js"' has no exported member 'CleanupPlan'.
src/cli/commands/cleanup.ts(10,3): error TS2305: Module '"../../types/index.js"' has no exported member 'CleanupResult'.
src/cli/commands/cleanup.ts(11,3): error TS2305: Module '"../../types/index.js"' has no exported member 'RollbackResult'.
src/cli/commands/cleanup.ts(106,38): error TS2554: Expected 4 arguments, but got 1.
src/cli/commands/cleanup.ts(134,8): error TS7006: Parameter 'acc' implicitly has an 'any' type.
src/cli/commands/cleanup.ts(134,13): error TS7006: Parameter 'op' implicitly has an 'any' type.
src/cli/commands/cleanup.ts(148,65): error TS18046: 'operations' is of type 'unknown'.
src/cli/commands/cleanup.ts(152,7): error TS18046: 'operations' is of type 'unknown'.
src/cli/commands/cleanup.ts(152,40): error TS7006: Parameter 'op' implicitly has an 'any' type.
src/cli/commands/cleanup.ts(161,11): error TS18046: 'operations' is of type 'unknown'.
src/cli/commands/cleanup.ts(162,44): error TS18046: 'operations' is of type 'unknown'.
src/cli/commands/cleanup.ts(168,8): error TS7006: Parameter 'sum' implicitly has an 'any' type.
src/cli/commands/cleanup.ts(168,13): error TS7006: Parameter 'op' implicitly has an 'any' type.
src/cli/commands/cleanup.ts(224,38): error TS2554: Expected 4 arguments, but got 1.
src/cli/commands/cleanup.ts(238,34): error TS7006: Parameter 'error' implicitly has an 'any' type.
src/cli/commands/cleanup.ts(250,7): error TS2353: Object literal may only specify known properties, and 'interactive' does not exist in type '(update: ProgressUpdate) => void'.
src/cli/commands/cleanup.ts(251,20): error TS7006: Parameter 'operation' implicitly has an 'any' type.
src/cli/commands/cleanup.ts(251,31): error TS7006: Parameter 'index' implicitly has an 'any' type.
src/cli/commands/cleanup.ts(251,38): error TS7006: Parameter 'total' implicitly has an 'any' type.
src/cli/commands/cleanup.ts(306,66): error TS2554: Expected 1 arguments, but got 2.
src/cli/commands/cleanup.ts(307,20): error TS7006: Parameter 'operation' implicitly has an 'any' type.
src/cli/commands/cleanup.ts(307,31): error TS7006: Parameter 'index' implicitly has an 'any' type.
src/cli/commands/cleanup.ts(307,38): error TS7006: Parameter 'total' implicitly has an 'any' type.
src/cli/commands/cleanup.ts(325,40): error TS7006: Parameter 'op' implicitly has an 'any' type.
src/cli/commands/cleanup.ts(348,34): error TS2554: Expected 1 arguments, but got 0.
src/cli/commands/cleanup.ts(351,59): error TS2339: Property 'status' does not exist on type 'Promise<CleanupExecution>'.
src/cli/commands/cleanup.ts(353,16): error TS2339: Property 'currentOperation' does not exist on type 'Promise<CleanupExecution>'.
src/cli/commands/cleanup.ts(355,52): error TS2339: Property 'currentOperation' does not exist on type 'Promise<CleanupExecution>'.
src/cli/commands/cleanup.ts(358,45): error TS2339: Property 'currentOperation' does not exist on type 'Promise<CleanupExecution>'.
src/cli/commands/cleanup.ts(364,32): error TS2339: Property 'completedOperations' does not exist on type 'Promise<CleanupExecution>'.
src/cli/commands/cleanup.ts(364,62): error TS2339: Property 'totalOperations' does not exist on type 'Promise<CleanupExecution>'.
src/cli/commands/cleanup.ts(404,51): error TS7006: Parameter 'sum' implicitly has an 'any' type.
src/cli/commands/cleanup.ts(404,56): error TS7006: Parameter 'file' implicitly has an 'any' type.
src/cli/commands/cleanup.ts(418,38): error TS7006: Parameter 'op' implicitly has an 'any' type.
src/cli/commands/report.ts(8,73): error TS2307: Cannot find module '../../specs/contracts/report-generator.contract.js' or its corresponding type declarations.
src/cli/commands/scan.ts(46,47): error TS2554: Expected 1 arguments, but got 2.
src/cli/commands/scan.ts(61,33): error TS7006: Parameter 'error' implicitly has an 'any' type.
src/cli/commands/validate.ts(47,51): error TS2554: Expected 1 arguments, but got 2.
src/cli/commands/validate.ts(85,38): error TS2339: Property 'complianceScore' does not exist on type 'ComplianceSummary'.
src/cli/commands/validate.ts(87,37): error TS2339: Property 'complianceScore' does not exist on type 'ComplianceSummary'.
src/cli/commands/validate.ts(89,69): error TS2339: Property 'totalAssetsValidated' does not exist on type 'ValidationMetrics'.
src/cli/commands/validate.ts(117,11): error TS2349: This expression is not callable.
  Type 'void' has no call signatures.
src/cli/commands/validate.ts(165,13): error TS2353: Object literal may only specify known properties, and 'enableAutoFix' does not exist in type 'AutoFixOptions'.
src/cli/commands/validate.ts(169,60): error TS2339: Property 'applied' does not exist on type 'FixResult'.
src/cli/commands/validate.ts(170,57): error TS2339: Property 'applied' does not exist on type 'FixResult'.
src/cli/commands/validate.ts(178,64): error TS2339: Property 'applied' does not exist on type 'FixResult'.
src/cli/commands/validate.ts(182,40): error TS2339: Property 'description' does not exist on type 'FixResult'.
src/cli/commands/validate.ts(182,62): error TS2339: Property 'filePath' does not exist on type 'FixResult'.
src/cli/commands/validate.ts(199,30): error TS2339: Property 'applied' does not exist on type 'FixResult'.
src/cli/commands/validate.ts(202,40): error TS2339: Property 'description' does not exist on type 'FixResult'.
src/cli/commands/validate.ts(202,62): error TS2339: Property 'filePath' does not exist on type 'FixResult'.
src/cli/commands/validate.ts(258,42): error TS2503: Cannot find namespace 'chalk'.
src/cli/commands/validate.ts(271,40): error TS2503: Cannot find namespace 'chalk'.
src/models/CleanupAction.ts(235,11): error TS2741: Property 'maintainability' is missing in type '{ affectedFiles: string[]; brokenReferences: never[]; riskLevel: RiskLevel.LOW; requiresManualReview: false; }' but required in type 'ImpactAssessment'.
src/services/ArchitectureValidator.ts(20,8): error TS6059: File '/home/vibecode/neonpro/tools/monorepo-audit/specs/contracts/architecture-validator.contract.ts' is not under 'rootDir' '/home/vibecode/neonpro/tools/monorepo-audit/src'. 'rootDir' is expected to contain all source files.
src/services/ArchitectureValidator.ts(20,8): error TS6307: File '/home/vibecode/neonpro/tools/monorepo-audit/specs/contracts/architecture-validator.contract.ts' is not listed within the file list of project '/home/vibecode/neonpro/tools/monorepo-audit/tsconfig.build.json'. Projects must list all files or use an 'include' pattern.
src/services/ArchitectureValidator.ts(35,9): error TS2322: Type 'string' is not assignable to type 'ScriptTarget | undefined'.
src/services/ArchitectureValidator.ts(36,9): error TS2322: Type 'string' is not assignable to type 'ModuleKind | undefined'.
src/services/ArchitectureValidator.ts(37,9): error TS2322: Type 'string' is not assignable to type 'ModuleResolutionKind | undefined'.
src/services/ArchitectureValidator.ts(97,9): error TS2353: Object literal may only specify known properties, and 'totalAssetsValidated' does not exist in type 'ValidationMetrics'.
src/services/ArchitectureValidator.ts(138,16): error TS2416: Property 'loadArchitectureDocuments' in type 'ArchitectureValidator' is not assignable to the same property in base type 'IArchitectureValidator'.
  Type '(documentPaths: string[]) => Promise<import("/home/vibecode/neonpro/tools/monorepo-audit/src/models/types").ArchitectureDocument[]>' is not assignable to type '(documentPaths: string[]) => Promise<import("/home/vibecode/neonpro/tools/monorepo-audit/specs/contracts/architecture-validator.contract").ArchitectureDocument[]>'.
    Type 'Promise<import("/home/vibecode/neonpro/tools/monorepo-audit/src/models/types").ArchitectureDocument[]>' is not assignable to type 'Promise<import("/home/vibecode/neonpro/tools/monorepo-audit/specs/contracts/architecture-validator.contract").ArchitectureDocument[]>'.
      Type 'import("/home/vibecode/neonpro/tools/monorepo-audit/src/models/types").ArchitectureDocument[]' is not assignable to type 'import("/home/vibecode/neonpro/tools/monorepo-audit/specs/contracts/architecture-validator.contract").ArchitectureDocument[]'.
        Type 'ArchitectureDocument' is missing the following properties from type 'ArchitectureDocument': filePath, metadata
src/services/ArchitectureValidator.ts(230,52): error TS2339: Property 'totalAssetsValidated' does not exist on type 'ValidationMetrics'.
src/services/ArchitectureValidator.ts(231,46): error TS2339: Property 'totalViolations' does not exist on type 'ValidationMetrics'.
src/services/ArchitectureValidator.ts(232,56): error TS2339: Property 'complianceScore' does not exist on type 'ComplianceSummary'.
src/services/ArchitectureValidator.ts(281,47): error TS2339: Property 'enableAutoFix' does not exist on type 'AutoFixOptions'.
src/services/ArchitectureValidator.ts(289,11): error TS2353: Object literal may only specify known properties, and 'applied' does not exist in type 'FixResult'.
src/services/ArchitectureValidator.ts(296,11): error TS2353: Object literal may only specify known properties, and 'applied' does not exist in type 'FixResult'.
src/services/ArchitectureValidator.ts(335,7): error TS2353: Object literal may only specify known properties, and 'id' does not exist in type 'ArchitectureDocument'.
src/services/ArchitectureValidator.ts(349,25): error TS2322: Type 'string | undefined' is not assignable to type 'string | null'.
  Type 'undefined' is not assignable to type 'string | null'.
src/services/ArchitectureValidator.ts(376,7): error TS2353: Object literal may only specify known properties, and 'complianceScore' does not exist in type 'ComplianceSummary'.
src/services/ArchitectureValidator.ts(394,9): error TS18048: 'severityGroups.error' is possibly 'undefined'.
src/services/ArchitectureValidator.ts(396,9): error TS2353: Object literal may only specify known properties, and 'id' does not exist in type 'Recommendation'.
src/services/ArchitectureValidator.ts(404,9): error TS18048: 'severityGroups.warning' is possibly 'undefined'.
src/services/ArchitectureValidator.ts(406,9): error TS2353: Object literal may only specify known properties, and 'id' does not exist in type 'Recommendation'.
src/services/ArchitectureValidator.ts(469,11): error TS2322: Type '"structure"' is not assignable to type 'ViolationCategory'.
src/services/ArchitectureValidator.ts(471,43): error TS2353: Object literal may only specify known properties, and 'endLine' does not exist in type 'CodeLocation'.
src/services/ArchitectureValidator.ts(485,11): error TS2322: Type '"structure"' is not assignable to type 'ViolationCategory'.
src/services/ArchitectureValidator.ts(487,43): error TS2353: Object literal may only specify known properties, and 'endLine' does not exist in type 'CodeLocation'.
src/services/ArchitectureValidator.ts(513,11): error TS2322: Type '"configuration"' is not assignable to type 'ViolationCategory'.
src/services/ArchitectureValidator.ts(515,43): error TS2353: Object literal may only specify known properties, and 'endLine' does not exist in type 'CodeLocation'.
src/services/ArchitectureValidator.ts(544,17): error TS2322: Type '"dependency"' is not assignable to type 'ViolationCategory'.
src/services/ArchitectureValidator.ts(546,49): error TS2353: Object literal may only specify known properties, and 'endLine' does not exist in type 'CodeLocation'.
src/services/ArchitectureValidator.ts(561,13): error TS2322: Type '"syntax"' is not assignable to type 'ViolationCategory'.
src/services/ArchitectureValidator.ts(563,45): error TS2353: Object literal may only specify known properties, and 'endLine' does not exist in type 'CodeLocation'.
src/services/ArchitectureValidator.ts(598,11): error TS2322: Type '"import"' is not assignable to type 'ViolationCategory'.
src/services/ArchitectureValidator.ts(600,43): error TS2353: Object literal may only specify known properties, and 'endLine' does not exist in type 'CodeLocation'.
src/services/ArchitectureValidator.ts(638,11): error TS2322: Type '"import"' is not assignable to type 'ViolationCategory'.
src/services/ArchitectureValidator.ts(640,43): error TS2353: Object literal may only specify known properties, and 'endLine' does not exist in type 'CodeLocation'.
src/services/ArchitectureValidator.ts(678,13): error TS2322: Type '"style"' is not assignable to type 'ViolationCategory'.
src/services/ArchitectureValidator.ts(707,11): error TS2322: Type '"naming"' is not assignable to type 'ViolationCategory'.
src/services/ArchitectureValidator.ts(709,43): error TS2353: Object literal may only specify known properties, and 'endLine' does not exist in type 'CodeLocation'.
src/services/ArchitectureValidator.ts(730,11): error TS2322: Type '"structure"' is not assignable to type 'ViolationCategory'.
src/services/ArchitectureValidator.ts(732,43): error TS2353: Object literal may only specify known properties, and 'endLine' does not exist in type 'CodeLocation'.
src/services/ArchitectureValidator.ts(835,7): error TS2353: Object literal may only specify known properties, and 'endLine' does not exist in type 'CodeLocation'.
src/services/ArchitectureValidator.ts(842,7): error TS2353: Object literal may only specify known properties, and 'maintainability' does not exist in type 'ImpactAssessment'.
src/services/ArchitectureValidator.ts(851,11): error TS2353: Object literal may only specify known properties, and 'maintainability' does not exist in type 'ImpactAssessment'.
src/services/ArchitectureValidator.ts(858,11): error TS2353: Object literal may only specify known properties, and 'maintainability' does not exist in type 'ImpactAssessment'.
src/services/ArchitectureValidator.ts(880,38): error TS2339: Property 'type' does not exist on type 'AutoFix'.
src/services/ArchitectureValidator.ts(883,36): error TS2339: Property 'getPositionOfLineAndColumn' does not exist on type 'SourceFile'.
src/services/ArchitectureValidator.ts(887,34): error TS2339: Property 'getPositionOfLineAndColumn' does not exist on type 'SourceFile'.
src/services/ArchitectureValidator.ts(888,32): error TS2339: Property 'endLine' does not exist on type 'CodeLocation'.
src/services/ArchitectureValidator.ts(889,32): error TS2551: Property 'endColumn' does not exist on type 'CodeLocation'. Did you mean 'column'?
src/services/ArchitectureValidator.ts(892,71): error TS2339: Property 'newText' does not exist on type 'AutoFix'.
src/services/ArchitectureValidator.ts(898,40): error TS2339: Property 'getPositionOfLineAndColumn' does not exist on type 'SourceFile'.
src/services/ArchitectureValidator.ts(902,67): error TS2339: Property 'newText' does not exist on type 'AutoFix'.
src/services/ArchitectureValidator.ts(908,42): error TS2339: Property 'getPositionOfLineAndColumn' does not exist on type 'SourceFile'.
src/services/ArchitectureValidator.ts(912,40): error TS2339: Property 'getPositionOfLineAndColumn' does not exist on type 'SourceFile'.
src/services/ArchitectureValidator.ts(913,32): error TS2339: Property 'endLine' does not exist on type 'CodeLocation'.
src/services/ArchitectureValidator.ts(914,32): error TS2551: Property 'endColumn' does not exist on type 'CodeLocation'. Did you mean 'column'?
src/services/CleanupEngine.ts(4,3): error TS2305: Module '"../../specs/contracts/cleanup-engine.contract.js"' has no exported member 'ActionType'.
src/services/CleanupEngine.ts(5,3): error TS2459: Module '"../../specs/contracts/cleanup-engine.contract.js"' declares 'CleanupExecution' locally, but it is not exported.
src/services/CleanupEngine.ts(7,3): error TS2305: Module '"../../specs/contracts/cleanup-engine.contract.js"' has no exported member 'CleanupPlan'.
src/services/CleanupEngine.ts(8,3): error TS2305: Module '"../../specs/contracts/cleanup-engine.contract.js"' has no exported member 'ExecutionError'.
src/services/CleanupEngine.ts(9,3): error TS2305: Module '"../../specs/contracts/cleanup-engine.contract.js"' has no exported member 'ExecutionStatus'.
src/services/CleanupEngine.ts(10,3): error TS2305: Module '"../../specs/contracts/cleanup-engine.contract.js"' has no exported member 'ICleanupEngine'.
src/services/CleanupEngine.ts(11,3): error TS2305: Module '"../../specs/contracts/cleanup-engine.contract.js"' has no exported member 'PlanRiskAssessment'.
src/services/CleanupEngine.ts(12,3): error TS2305: Module '"../../specs/contracts/cleanup-engine.contract.js"' has no exported member 'PlanValidationResult'.
src/services/CleanupEngine.ts(13,3): error TS2459: Module '"../../specs/contracts/cleanup-engine.contract.js"' declares 'ProgressUpdate' locally, but it is not exported.
src/services/CleanupEngine.ts(14,3): error TS2305: Module '"../../specs/contracts/cleanup-engine.contract.js"' has no exported member 'RollbackExecution'.
src/services/CleanupEngine.ts(15,3): error TS2305: Module '"../../specs/contracts/cleanup-engine.contract.js"' has no exported member 'RollbackOperation'.
src/services/CleanupEngine.ts(16,3): error TS2305: Module '"../../specs/contracts/cleanup-engine.contract.js"' has no exported member 'RollbackStatus'.
src/services/CleanupEngine.ts(17,3): error TS2305: Module '"../../specs/contracts/cleanup-engine.contract.js"' has no exported member 'TempCleanupResult'.
src/services/CleanupEngine.ts(18,3): error TS2305: Module '"../../specs/contracts/cleanup-engine.contract.js"' has no exported member 'ValidationIssue'.
src/services/CleanupEngine.ts(19,8): error TS6059: File '/home/vibecode/neonpro/tools/monorepo-audit/specs/contracts/cleanup-engine.contract.ts' is not under 'rootDir' '/home/vibecode/neonpro/tools/monorepo-audit/src'. 'rootDir' is expected to contain all source files.
src/services/CleanupEngine.ts(19,8): error TS6307: File '/home/vibecode/neonpro/tools/monorepo-audit/specs/contracts/cleanup-engine.contract.ts' is not listed within the file list of project '/home/vibecode/neonpro/tools/monorepo-audit/tsconfig.build.json'. Projects must list all files or use an 'include' pattern.
src/services/CleanupEngine.ts(47,20): error TS2339: Property 'excludeActionTypes' does not exist on type 'CleanupOptions'.
src/services/CleanupEngine.ts(55,20): error TS2339: Property 'excludeActionTypes' does not exist on type 'CleanupOptions'.
src/services/CleanupEngine.ts(63,20): error TS2339: Property 'excludeActionTypes' does not exist on type 'CleanupOptions'.
src/services/CleanupEngine.ts(416,7): error TS2322: Type '"delete"' is not assignable to type 'ActionType'.
src/services/CleanupEngine.ts(431,27): error TS2339: Property 'estimatedSize' does not exist on type 'CleanupAction'.
src/services/CleanupEngine.ts(438,51): error TS2339: Property 'riskLevel' does not exist on type 'CleanupAction'.
src/services/CleanupEngine.ts(439,53): error TS2339: Property 'riskLevel' does not exist on type 'CleanupAction'.
src/services/CleanupEngine.ts(440,50): error TS2339: Property 'riskLevel' does not exist on type 'CleanupAction'.
src/services/CleanupEngine.ts(462,41): error TS2551: Property 'createBackups' does not exist on type 'CleanupOptions'. Did you mean 'createBackup'?
src/services/CleanupEngine.ts(463,47): error TS2339: Property 'requireConfirmation' does not exist on type 'CleanupOptions'.
src/services/CleanupEngine.ts(496,53): error TS2339: Property 'riskLevel' does not exist on type 'CleanupAction'.
src/services/CleanupEngine.ts(501,50): error TS2339: Property 'estimatedSize' does not exist on type 'CleanupAction'.
src/services/CleanupEngine.ts(506,58): error TS2339: Property 'estimatedSize' does not exist on type 'CleanupAction'.
src/services/CleanupEngine.ts(558,44): error TS2339: Property 'estimatedSize' does not exist on type 'CleanupAction'.
src/services/CleanupEngine.ts(562,28): error TS2339: Property 'actionId' does not exist on type 'CleanupAction'.
src/services/CleanupEngine.ts(572,16): error TS2339: Property 'backupRequired' does not exist on type 'CleanupAction'.
src/services/CleanupEngine.ts(578,12): error TS2678: Type '"delete"' is not comparable to type 'ActionType'.
src/services/CleanupEngine.ts(582,12): error TS2678: Type '"move"' is not comparable to type 'ActionType'.
src/services/DependencyAnalyzer.ts(23,8): error TS6059: File '/home/vibecode/neonpro/tools/monorepo-audit/specs/contracts/dependency-analyzer.contract.ts' is not under 'rootDir' '/home/vibecode/neonpro/tools/monorepo-audit/src'. 'rootDir' is expected to contain all source files.
src/services/DependencyAnalyzer.ts(23,8): error TS6307: File '/home/vibecode/neonpro/tools/monorepo-audit/specs/contracts/dependency-analyzer.contract.ts' is not listed within the file list of project '/home/vibecode/neonpro/tools/monorepo-audit/tsconfig.build.json'. Projects must list all files or use an 'include' pattern.
src/services/DependencyAnalyzer.ts(38,9): error TS2322: Type 'string' is not assignable to type 'ScriptTarget | undefined'.
src/services/DependencyAnalyzer.ts(39,9): error TS2322: Type 'string' is not assignable to type 'ModuleKind | undefined'.
src/services/DependencyAnalyzer.ts(40,9): error TS2322: Type 'string' is not assignable to type 'ModuleResolutionKind | undefined'.
src/services/DependencyAnalyzer.ts(51,16): error TS2416: Property 'buildGraph' in type 'DependencyAnalyzer' is not assignable to the same property in base type 'IDependencyAnalyzer'.
  Type '(assets: import("/home/vibecode/neonpro/tools/monorepo-audit/src/models/types").CodeAsset[], options: import("/home/vibecode/neonpro/tools/monorepo-audit/specs/contracts/dependency-analyzer.contract").AnalyzerOptions) => Promise<...>' is not assignable to type '(assets: CodeAsset[], options: import("/home/vibecode/neonpro/tools/monorepo-audit/specs/contracts/dependency-analyzer.contract").AnalyzerOptions) => Promise<import("/home/vibecode/neonpro/tools/monorepo-audit/specs/contracts/dependency-analyzer.contract").DependencyGraph>'.
    Type 'Promise<import("/home/vibecode/neonpro/tools/monorepo-audit/src/models/types").DependencyGraph>' is not assignable to type 'Promise<import("/home/vibecode/neonpro/tools/monorepo-audit/specs/contracts/dependency-analyzer.contract").DependencyGraph>'.
      Type 'DependencyGraph' is missing the following properties from type 'DependencyGraph': cycles, orphanedNodes, rootNodes, metrics
src/services/DependencyAnalyzer.ts(68,9): error TS2353: Object literal may only specify known properties, and 'id' does not exist in type 'GraphNode'.
src/services/DependencyAnalyzer.ts(95,22): error TS2339: Property 'dependencies' does not exist on type 'GraphNode'.
src/services/DependencyAnalyzer.ts(96,22): error TS2339: Property 'metadata' does not exist on type 'GraphNode'.
src/services/DependencyAnalyzer.ts(97,22): error TS2339: Property 'metadata' does not exist on type 'GraphNode'.
src/services/DependencyAnalyzer.ts(107,17): error TS2322: Type '"import"' is not assignable to type 'DependencyType'.
src/services/DependencyAnalyzer.ts(113,31): error TS2339: Property 'dependents' does not exist on type 'GraphNode'.
src/services/DependencyAnalyzer.ts(114,28): error TS2339: Property 'dependents' does not exist on type 'GraphNode'.
src/services/DependencyAnalyzer.ts(124,52): error TS2353: Object literal may only specify known properties, and 'metadata' does not exist in type 'DependencyGraph'.
src/services/DependencyAnalyzer.ts(128,13): error TS2339: Property 'metadata' does not exist on type 'DependencyGraph'.
src/services/DependencyAnalyzer.ts(135,17): error TS2339: Property 'metadata' does not exist on type 'DependencyGraph'.
src/services/DependencyAnalyzer.ts(167,9): error TS2353: Object literal may only specify known properties, and 'specifier' does not exist in type 'ImportStatement'.
src/services/DependencyAnalyzer.ts(181,78): error TS2339: Property 'specifier' does not exist on type 'ImportStatement'.
src/services/DependencyAnalyzer.ts(194,9): error TS2353: Object literal may only specify known properties, and 'specifier' does not exist in type 'ExportStatement'.
src/services/DependencyAnalyzer.ts(197,37): error TS2339: Property 'hasDefaultExport' does not exist on type 'ExportDeclaration'.
src/services/DependencyAnalyzer.ts(198,39): error TS2551: Property 'hasNamespaceExport' does not exist on type 'ExportDeclaration'. Did you mean 'isNamespaceExport'?
src/services/DependencyAnalyzer.ts(216,10): error TS2416: Property 'detectCircularDependencies' in type 'DependencyAnalyzer' is not assignable to the same property in base type 'IDependencyAnalyzer'.
  Type '(graph: import("/home/vibecode/neonpro/tools/monorepo-audit/src/models/types").DependencyGraph) => import("/home/vibecode/neonpro/tools/monorepo-audit/specs/contracts/dependency-analyzer.contract").CircularDependency[]' is not assignable to type '(graph: import("/home/vibecode/neonpro/tools/monorepo-audit/specs/contracts/dependency-analyzer.contract").DependencyGraph) => import("/home/vibecode/neonpro/tools/monorepo-audit/specs/contracts/dependency-analyzer.contract").CircularDependency[]'.
    Types of parameters 'graph' and 'graph' are incompatible.
      Property 'circularDependencies' is missing in type 'import("/home/vibecode/neonpro/tools/monorepo-audit/specs/contracts/dependency-analyzer.contract").DependencyGraph' but required in type 'import("/home/vibecode/neonpro/tools/monorepo-audit/src/models/types").DependencyGraph'.
src/services/DependencyAnalyzer.ts(246,34): error TS2339: Property 'dependencies' does not exist on type 'GraphNode'.
src/services/DependencyAnalyzer.ts(268,10): error TS2416: Property 'calculateImportanceScores' in type 'DependencyAnalyzer' is not assignable to the same property in base type 'IDependencyAnalyzer'.
  Type '(graph: import("/home/vibecode/neonpro/tools/monorepo-audit/src/models/types").DependencyGraph) => import("/home/vibecode/neonpro/tools/monorepo-audit/src/models/types").DependencyGraph' is not assignable to type '(graph: import("/home/vibecode/neonpro/tools/monorepo-audit/specs/contracts/dependency-analyzer.contract").DependencyGraph) => import("/home/vibecode/neonpro/tools/monorepo-audit/specs/contracts/dependency-analyzer.contract").DependencyGraph'.
    Types of parameters 'graph' and 'graph' are incompatible.
      Property 'circularDependencies' is missing in type 'import("/home/vibecode/neonpro/tools/monorepo-audit/specs/contracts/dependency-analyzer.contract").DependencyGraph' but required in type 'import("/home/vibecode/neonpro/tools/monorepo-audit/src/models/types").DependencyGraph'.
src/services/DependencyAnalyzer.ts(278,12): error TS2551: Property 'importanceScore' does not exist on type 'GraphNode'. Did you mean 'importance'?
src/services/DependencyAnalyzer.ts(290,40): error TS2339: Property 'dependents' does not exist on type 'GraphNode'.
src/services/DependencyAnalyzer.ts(292,38): error TS2339: Property 'dependencies' does not exist on type 'GraphNode'.
src/services/DependencyAnalyzer.ts(293,49): error TS2551: Property 'importanceScore' does not exist on type 'GraphNode'. Did you mean 'importance'?
src/services/DependencyAnalyzer.ts(293,77): error TS2339: Property 'dependencies' does not exist on type 'GraphNode'.
src/services/DependencyAnalyzer.ts(300,35): error TS2551: Property 'importanceScore' does not exist on type 'GraphNode'. Did you mean 'importance'?
src/services/DependencyAnalyzer.ts(309,16): error TS2551: Property 'importanceScore' does not exist on type 'GraphNode'. Did you mean 'importance'?
src/services/DependencyAnalyzer.ts(323,10): error TS2416: Property 'findUnusedAssets' in type 'DependencyAnalyzer' is not assignable to the same property in base type 'IDependencyAnalyzer'.
  Type '(graph: import("/home/vibecode/neonpro/tools/monorepo-audit/src/models/types").DependencyGraph) => string[]' is not assignable to type '(graph: import("/home/vibecode/neonpro/tools/monorepo-audit/specs/contracts/dependency-analyzer.contract").DependencyGraph) => string[]'.
    Types of parameters 'graph' and 'graph' are incompatible.
      Property 'circularDependencies' is missing in type 'import("/home/vibecode/neonpro/tools/monorepo-audit/specs/contracts/dependency-analyzer.contract").DependencyGraph' but required in type 'import("/home/vibecode/neonpro/tools/monorepo-audit/src/models/types").DependencyGraph'.
src/services/DependencyAnalyzer.ts(329,16): error TS2339: Property 'dependents' does not exist on type 'GraphNode'.
src/services/DependencyAnalyzer.ts(340,10): error TS2416: Property 'getTransitiveDependencies' in type 'DependencyAnalyzer' is not assignable to the same property in base type 'IDependencyAnalyzer'.
  Type '(assetPath: string, graph: import("/home/vibecode/neonpro/tools/monorepo-audit/src/models/types").DependencyGraph, maxDepth: number) => string[]' is not assignable to type '(assetPath: string, graph: import("/home/vibecode/neonpro/tools/monorepo-audit/specs/contracts/dependency-analyzer.contract").DependencyGraph, maxDepth: number) => string[]'.
    Types of parameters 'graph' and 'graph' are incompatible.
      Property 'circularDependencies' is missing in type 'import("/home/vibecode/neonpro/tools/monorepo-audit/specs/contracts/dependency-analyzer.contract").DependencyGraph' but required in type 'import("/home/vibecode/neonpro/tools/monorepo-audit/src/models/types").DependencyGraph'.
src/services/DependencyAnalyzer.ts(357,34): error TS2339: Property 'dependencies' does not exist on type 'GraphNode'.
src/services/DependencyAnalyzer.ts(373,10): error TS2416: Property 'validateGraph' in type 'DependencyAnalyzer' is not assignable to the same property in base type 'IDependencyAnalyzer'.
  Type '(graph: import("/home/vibecode/neonpro/tools/monorepo-audit/src/models/types").DependencyGraph) => import("/home/vibecode/neonpro/tools/monorepo-audit/specs/contracts/dependency-analyzer.contract").GraphValidationIssue[]' is not assignable to type '(graph: import("/home/vibecode/neonpro/tools/monorepo-audit/specs/contracts/dependency-analyzer.contract").DependencyGraph) => import("/home/vibecode/neonpro/tools/monorepo-audit/specs/contracts/dependency-analyzer.contract").GraphValidationIssue[]'.
    Types of parameters 'graph' and 'graph' are incompatible.
      Property 'circularDependencies' is missing in type 'import("/home/vibecode/neonpro/tools/monorepo-audit/specs/contracts/dependency-analyzer.contract").DependencyGraph' but required in type 'import("/home/vibecode/neonpro/tools/monorepo-audit/src/models/types").DependencyGraph'.
src/services/DependencyAnalyzer.ts(378,33): error TS2339: Property 'target' does not exist on type 'GraphEdge'.
src/services/DependencyAnalyzer.ts(382,52): error TS2339: Property 'target' does not exist on type 'GraphEdge'.
src/services/DependencyAnalyzer.ts(383,33): error TS2339: Property 'source' does not exist on type 'GraphEdge'.
src/services/DependencyAnalyzer.ts(384,42): error TS2339: Property 'target' does not exist on type 'GraphEdge'.
src/services/DependencyAnalyzer.ts(391,16): error TS2339: Property 'dependencies' does not exist on type 'GraphNode'.
src/services/DependencyAnalyzer.ts(391,50): error TS2339: Property 'dependents' does not exist on type 'GraphNode'.
src/services/DependencyAnalyzer.ts(406,47): error TS2339: Property 'source' does not exist on type 'GraphEdge'.
src/services/DependencyAnalyzer.ts(407,47): error TS2339: Property 'target' does not exist on type 'GraphEdge'.
src/services/DependencyAnalyzer.ts(411,25): error TS2339: Property 'dependencies' does not exist on type 'GraphNode'.
src/services/DependencyAnalyzer.ts(411,52): error TS2339: Property 'target' does not exist on type 'GraphEdge'.
src/services/DependencyAnalyzer.ts(416,79): error TS2339: Property 'source' does not exist on type 'GraphEdge'.
src/services/DependencyAnalyzer.ts(416,97): error TS2339: Property 'target' does not exist on type 'GraphEdge'.
src/services/DependencyAnalyzer.ts(417,35): error TS2339: Property 'source' does not exist on type 'GraphEdge'.
src/services/DependencyAnalyzer.ts(417,48): error TS2339: Property 'target' does not exist on type 'GraphEdge'.
src/services/DependencyAnalyzer.ts(422,25): error TS2339: Property 'dependents' does not exist on type 'GraphNode'.
src/services/DependencyAnalyzer.ts(422,50): error TS2339: Property 'source' does not exist on type 'GraphEdge'.
src/services/DependencyAnalyzer.ts(427,78): error TS2339: Property 'source' does not exist on type 'GraphEdge'.
src/services/DependencyAnalyzer.ts(427,96): error TS2339: Property 'target' does not exist on type 'GraphEdge'.
src/services/DependencyAnalyzer.ts(428,35): error TS2339: Property 'source' does not exist on type 'GraphEdge'.
src/services/DependencyAnalyzer.ts(428,48): error TS2339: Property 'target' does not exist on type 'GraphEdge'.
src/services/DependencyAnalyzer.ts(514,15): error TS2353: Object literal may only specify known properties, and 'specifier' does not exist in type 'ImportStatement'.
src/services/DependencyAnalyzer.ts(567,44): error TS2551: Property 'importanceScore' does not exist on type 'GraphNode'. Did you mean 'importance'?
src/services/DependencyAnalyzer.ts(568,33): error TS2339: Property 'dependents' does not exist on type 'GraphNode'.
src/services/DependencyAnalyzer.ts(583,41): error TS2339: Property 'path' does not exist on type 'GraphNode'.
src/services/DependencyAnalyzer.ts(583,65): error TS2339: Property 'path' does not exist on type 'GraphNode'.
src/services/DependencyAnalyzer.ts(598,32): error TS2339: Property 'path' does not exist on type 'GraphNode'.
src/services/DependencyAnalyzer.ts(599,15): error TS2339: Property 'path' does not exist on type 'GraphNode'.
src/services/DependencyAnalyzer.ts(600,15): error TS2339: Property 'path' does not exist on type 'GraphNode'.
src/services/FileScanner.ts(20,8): error TS2307: Cannot find module '../../../specs/003-monorepo-audit-optimization/contracts/file-scanner.contract' or its corresponding type declarations.
src/services/FileScanner.ts(24,8): error TS2307: Cannot find module '../../../specs/003-monorepo-audit-optimization/contracts/file-scanner.contract' or its corresponding type declarations.
src/services/FileScanner.ts(61,59): error TS7006: Parameter 'pattern' implicitly has an 'any' type.
src/services/FileScanner.ts(211,39): error TS7006: Parameter 'pattern' implicitly has an 'any' type.
src/services/FileScanner.ts(221,39): error TS7006: Parameter 'pattern' implicitly has an 'any' type.
src/services/FileScanner.ts(279,48): error TS2345: Argument of type 'string | undefined' is not assignable to parameter of type 'string'.
  Type 'undefined' is not assignable to type 'string'.
src/services/FileScanner.ts(348,11): error TS18046: 'error' is of type 'unknown'.
src/services/ReportGenerator.ts(10,3): error TS2305: Module '"../../specs/contracts/report-generator.contract.js"' has no exported member 'MetricsSummary'.
src/services/ReportGenerator.ts(19,3): error TS2305: Module '"../../specs/contracts/report-generator.contract.js"' has no exported member 'VisualizationData'.
src/services/ReportGenerator.ts(20,8): error TS6059: File '/home/vibecode/neonpro/tools/monorepo-audit/specs/contracts/report-generator.contract.ts' is not under 'rootDir' '/home/vibecode/neonpro/tools/monorepo-audit/src'. 'rootDir' is expected to contain all source files.
src/services/ReportGenerator.ts(20,8): error TS6307: File '/home/vibecode/neonpro/tools/monorepo-audit/specs/contracts/report-generator.contract.ts' is not listed within the file list of project '/home/vibecode/neonpro/tools/monorepo-audit/tsconfig.build.json'. Projects must list all files or use an 'include' pattern.
src/services/ReportGenerator.ts(50,7): error TS2353: Object literal may only specify known properties, and 'detailLevel' does not exist in type 'ReportMetadata'.
src/services/ReportGenerator.ts(97,7): error TS2353: Object literal may only specify known properties, and 'reportId' does not exist in type 'GeneratedReport'.
src/services/ReportGenerator.ts(134,7): error TS2353: Object literal may only specify known properties, and 'overallHealthScore' does not exist in type 'ExecutiveSummary'.
src/services/ReportGenerator.ts(143,51): error TS2339: Property 'totalExecutionTime' does not exist on type 'PerformanceMetrics'.
src/services/ReportGenerator.ts(175,7): error TS2353: Object literal may only specify known properties, and 'sections' does not exist in type 'TechnicalReport'.
src/services/ReportGenerator.ts(178,27): error TS2339: Property 'includeAppendices' does not exist on type 'TechnicalReportOptions'.
src/services/ReportGenerator.ts(194,39): error TS2339: Property 'overallHealthScore' does not exist on type 'ExecutiveSummary'.
src/services/ReportGenerator.ts(194,74): error TS2339: Property 'overallHealthScore' does not exist on type 'ExecutiveSummary'.
src/services/ReportGenerator.ts(195,43): error TS2339: Property 'complianceScore' does not exist on type 'ExecutiveSummary'.
src/services/ReportGenerator.ts(195,75): error TS2339: Property 'complianceScore' does not exist on type 'ExecutiveSummary'.
src/services/ReportGenerator.ts(196,43): error TS2339: Property 'efficiencyScore' does not exist on type 'ExecutiveSummary'.
src/services/ReportGenerator.ts(196,75): error TS2339: Property 'efficiencyScore' does not exist on type 'ExecutiveSummary'.
src/services/ReportGenerator.ts(197,42): error TS2339: Property 'unusedAssetsFound' does not exist on type 'ExecutiveSummary'.
src/services/ReportGenerator.ts(197,75): error TS2339: Property 'unusedAssetsFound' does not exist on type 'ExecutiveSummary'.
src/services/ReportGenerator.ts(198,45): error TS2339: Property 'criticalIssuesFound' does not exist on type 'ExecutiveSummary'.
src/services/ReportGenerator.ts(198,80): error TS2339: Property 'criticalIssuesFound' does not exist on type 'ExecutiveSummary'.
src/services/ReportGenerator.ts(199,37): error TS2339: Property 'spaceReclaimable' does not exist on type 'ExecutiveSummary'.
src/services/ReportGenerator.ts(199,69): error TS2339: Property 'spaceReclaimable' does not exist on type 'ExecutiveSummary'.
src/services/ReportGenerator.ts(221,7): error TS2353: Object literal may only specify known properties, and 'beforeSummary' does not exist in type 'ComparisonReport'.
src/services/ReportGenerator.ts(305,53): error TS2339: Property 'overallHealthScore' does not exist on type 'ExecutiveSummary'.
src/services/ReportGenerator.ts(309,53): error TS2339: Property 'complianceScore' does not exist on type 'ExecutiveSummary'.
src/services/ReportGenerator.ts(313,53): error TS2339: Property 'totalAssetsScanned' does not exist on type 'ExecutiveSummary'.
src/services/ReportGenerator.ts(317,53): error TS2339: Property 'unusedAssetsFound' does not exist on type 'ExecutiveSummary'.
src/services/ReportGenerator.ts(321,53): error TS2339: Property 'criticalIssuesFound' does not exist on type 'ExecutiveSummary'.
src/services/ReportGenerator.ts(325,70): error TS2339: Property 'spaceReclaimable' does not exist on type 'ExecutiveSummary'.
src/services/ReportGenerator.ts(337,46): error TS2339: Property 'severity' does not exist on type 'string'.
src/services/ReportGenerator.ts(337,67): error TS2339: Property 'description' does not exist on type 'string'.
src/services/ReportGenerator.ts(350,31): error TS2551: Property 'recommendations' does not exist on type 'ExecutiveSummary'. Did you mean 'topRecommendations'?
src/services/ReportGenerator.ts(381,9): error TS2322: Type 'string' is not assignable to type 'TemplateSection'.
src/services/ReportGenerator.ts(382,9): error TS2322: Type 'string' is not assignable to type 'TemplateSection'.
src/services/ReportGenerator.ts(383,9): error TS2322: Type 'string' is not assignable to type 'TemplateSection'.
src/services/ReportGenerator.ts(384,9): error TS2322: Type 'string' is not assignable to type 'TemplateSection'.
src/services/ReportGenerator.ts(387,9): error TS2353: Object literal may only specify known properties, and 'primaryColor' does not exist in type 'StylingConfig'.
src/services/ReportGenerator.ts(398,9): error TS2322: Type 'string' is not assignable to type 'TemplateSection'.
src/services/ReportGenerator.ts(399,9): error TS2322: Type 'string' is not assignable to type 'TemplateSection'.
src/services/ReportGenerator.ts(400,9): error TS2322: Type 'string' is not assignable to type 'TemplateSection'.
src/services/ReportGenerator.ts(401,9): error TS2322: Type 'string' is not assignable to type 'TemplateSection'.
src/services/ReportGenerator.ts(404,9): error TS2353: Object literal may only specify known properties, and 'primaryColor' does not exist in type 'StylingConfig'.
src/services/ReportGenerator.ts(616,48): error TS2339: Property 'totalExecutionTime' does not exist on type 'PerformanceMetrics'.
src/services/ReportGenerator.ts(618,45): error TS2551: Property 'peakMemoryUsage' does not exist on type 'PerformanceMetrics'. Did you mean 'memoryUsage'?
src/services/ReportGenerator.ts(619,53): error TS2339: Property 'filesProcessedPerSecond' does not exist on type 'PerformanceMetrics'.
src/services/ReportGenerator.ts(679,60): error TS2339: Property 'totalExecutionTime' does not exist on type 'PerformanceMetrics'.
src/services/ReportGenerator.ts(681,57): error TS2551: Property 'peakMemoryUsage' does not exist on type 'PerformanceMetrics'. Did you mean 'memoryUsage'?
src/services/ReportGenerator.ts(756,42): error TS2339: Property 'fileScanTime' does not exist on type 'PerformanceMetrics'.
src/services/ReportGenerator.ts(757,48): error TS2339: Property 'dependencyAnalysisTime' does not exist on type 'PerformanceMetrics'.
src/services/ReportGenerator.ts(758,52): error TS2339: Property 'architectureValidationTime' does not exist on type 'PerformanceMetrics'.
src/services/ReportGenerator.ts(759,35): error TS2339: Property 'totalExecutionTime' does not exist on type 'PerformanceMetrics'.
src/services/ReportGenerator.ts(763,45): error TS2551: Property 'peakMemoryUsage' does not exist on type 'PerformanceMetrics'. Did you mean 'memoryUsage'?
src/services/ReportGenerator.ts(764,38): error TS2339: Property 'cpuUsage' does not exist on type 'PerformanceMetrics'.
src/services/ReportGenerator.ts(767,53): error TS2339: Property 'filesProcessedPerSecond' does not exist on type 'PerformanceMetrics'.
src/services/ReportGenerator.ts(768,59): error TS2339: Property 'dependenciesAnalyzedPerSecond' does not exist on type 'PerformanceMetrics'.
src/services/ReportGenerator.ts(859,9): error TS2365: Operator '>' cannot be applied to types 'MemoryUsageMetrics' and 'number'.
src/services/ReportGenerator.ts(869,28): error TS2339: Property 'filesProcessedPerSecond' does not exist on type 'PerformanceMetrics'.
src/services/ReportGenerator.ts(874,35): error TS2339: Property 'filesProcessedPerSecond' does not exist on type 'PerformanceMetrics'.
src/services/ReportGenerator.ts(927,34): error TS2339: Property 'totalExecutionTime' does not exist on type 'PerformanceMetrics'.
src/services/ReportGenerator.ts(927,62): error TS2339: Property 'totalExecutionTime' does not exist on type 'PerformanceMetrics'.
src/services/ReportGenerator.ts(928,26): error TS2362: The left-hand side of an arithmetic operation must be of type 'any', 'number', 'bigint' or an enum type.
src/services/ReportGenerator.ts(928,46): error TS2363: The right-hand side of an arithmetic operation must be of type 'any', 'number', 'bigint' or an enum type.
src/services/ReportGenerator.ts(929,31): error TS2339: Property 'filesProcessedPerSecond' does not exist on type 'PerformanceMetrics'.
src/services/ReportGenerator.ts(929,64): error TS2339: Property 'filesProcessedPerSecond' does not exist on type 'PerformanceMetrics'.
src/services/ReportGenerator.ts(1029,28): error TS2339: Property 'filesProcessedPerSecond' does not exist on type 'PerformanceMetrics'.
src/services/ReportGenerator.ts(1139,56): error TS2339: Property 'totalExecutionTime' does not exist on type 'PerformanceMetrics'.
src/services/ReportGenerator.ts(1236,36): error TS2339: Property 'reportId' does not exist on type 'GeneratedReport'.
src/services/ReportGenerator.ts(1254,32): error TS2339: Property 'reportId' does not exist on type 'GeneratedReport'.
src/services/ReportGenerator.ts(1262,52): error TS2339: Property 'executiveSummary' does not exist on type 'GeneratedReport'.
src/services/ReportGenerator.ts(1266,52): error TS2339: Property 'executiveSummary' does not exist on type 'GeneratedReport'.
src/services/ReportGenerator.ts(1270,52): error TS2339: Property 'executiveSummary' does not exist on type 'GeneratedReport'.
src/services/ReportGenerator.ts(1274,52): error TS2339: Property 'executiveSummary' does not exist on type 'GeneratedReport'.
src/services/ReportGenerator.ts(1283,14): error TS2339: Property 'executiveSummary' does not exist on type 'GeneratedReport'.
src/services/ReportGenerator.ts(1295,14): error TS2339: Property 'executiveSummary' does not exist on type 'GeneratedReport'.
src/services/ReportGenerator.ts(1310,42): error TS2339: Property 'reportId' does not exist on type 'GeneratedReport'.
src/services/ReportGenerator.ts(1314,47): error TS2339: Property 'executiveSummary' does not exist on type 'GeneratedReport'.
src/services/ReportGenerator.ts(1315,51): error TS2339: Property 'executiveSummary' does not exist on type 'GeneratedReport'.
src/services/ReportGenerator.ts(1316,49): error TS2339: Property 'executiveSummary' does not exist on type 'GeneratedReport'.
src/services/ReportGenerator.ts(1317,50): error TS2339: Property 'executiveSummary' does not exist on type 'GeneratedReport'.
src/services/ReportGenerator.ts(1320,34): error TS2339: Property 'executiveSummary' does not exist on type 'GeneratedReport'.
src/services/ReportGenerator.ts(1325,30): error TS2339: Property 'executiveSummary' does not exist on type 'GeneratedReport'.
src/utils/ConfigManager.ts(488,19): error TS18048: 'key' is possibly 'undefined'.
src/utils/ConfigManager.ts(489,23): error TS2538: Type 'undefined' cannot be used as an index type.
src/utils/ConfigManager.ts(491,31): error TS2538: Type 'undefined' cannot be used as an index type.
src/utils/ConfigManager.ts(514,19): error TS2538: Type 'undefined' cannot be used as an index type.
src/utils/ConfigManager.ts(539,15): error TS18048: 'arg' is possibly 'undefined'.
src/utils/ConfigManager.ts(540,32): error TS18048: 'arg' is possibly 'undefined'.
src/utils/ConfigManager.ts(548,23): error TS18048: 'key' is possibly 'undefined'.
src/utils/ConfigManager.ts(549,27): error TS2538: Type 'undefined' cannot be used as an index type.
src/utils/ConfigManager.ts(551,35): error TS2538: Type 'undefined' cannot be used as an index type.
src/utils/ConfigManager.ts(568,23): error TS2538: Type 'undefined' cannot be used as an index type.
src/utils/ConfigManager.ts(722,14): error TS2698: Spread types may only be created from object types.
src/utils/ConfigManager.ts(736,70): error TS2532: Object is possibly 'undefined'.
src/utils/PerformanceMonitor.ts(105,50): error TS2339: Property 'kind' does not exist on type '{}'.
src/utils/PerformanceMonitor.ts(315,7): error TS18048: 'parentOperation' is possibly 'undefined'.
src/utils/PerformanceMonitor.ts(353,5): error TS2371: A parameter initializer is only allowed in a function or constructor implementation.
src/utils/PerformanceMonitor.ts(359,5): error TS2371: A parameter initializer is only allowed in a function or constructor implementation.
