{
  "analysis_date": "2025-09-26T21:19:43.870598",
  "task": "T011c - Missing imports identification",
  "method": "TypeScript compiler diagnostics",
  "apps_analyzed": [
    "apps/web",
    "apps/api"
  ],
  "missing_imports_found": [],
  "compilation_status": {
    "apps/web": {
      "exit_code": 2,
      "stderr": "",
      "stdout": "apps/web/src/hooks/realtime/useRealtimeProvider.ts(112,7): error TS1005: '>' expected.\napps/web/src/hooks/realtime/useRealtimeProvider.ts(112,12): error TS1005: ')' expected.\napps/web/src/hooks/realtime/useRealtimeProvider.ts(112,14): error TS1136: Property assignment expected.\napps/web/src/hooks/realtime/useRealtimeProvider.ts(114,25): error TS1005: ';' expected.\napps/web/src/hooks/realtime/useRealtimeProvider.ts(116,5): error TS1109: Expression expected.\napps/web/src/hooks/realtime/useRealtimeProvider.ts(118,6): error TS1161: Unterminated regular expression literal.\napps/web/src/hooks/realtime/useRealtimeProvider.ts(119,3): error TS1128: Declaration or statement expected.\napps/web/src/hooks/realtime/useRealtimeProvider.ts(120,1): error TS1128: Declaration or statement expected.\n",
      "status": "FAIL"
    },
    "apps/api": {
      "exit_code": 2,
      "stderr": "",
      "stdout": "apps/api/src/app.ts(32,1): error TS6192: All imports in import declaration are unused.\napps/api/src/app.ts(163,14): error TS2769: No overload matches this call.\n  The last overload gave the following error.\n    Argument of type '(req: any, res: any, next: any) => void' is not assignable to parameter of type 'MiddlewareHandler<Env, \"*\", {}>'.\n      Target signature provides too few arguments. Expected 3 or more, but got 2.\napps/api/src/app.ts(578,13): error TS2345: Argument of type '(error: Error, req?: any, res?: any, next?: any) => void' is not assignable to parameter of type 'ErrorHandler<Env>'.\n  Type 'void' is not assignable to type 'Response | Promise<Response>'.\napps/api/src/browser.ts(18,1): error TS2308: Module './services/error-tracking-browser' has already exported a member named 'getBrowserErrorTrackingHealth'. Consider explicitly re-exporting to resolve the ambiguity.\napps/api/src/browser.ts(18,1): error TS2308: Module './services/error-tracking-browser' has already exported a member named 'setBrowserUserContext'. Consider explicitly re-exporting to resolve the ambiguity.\napps/api/src/config/ai-agents-production.ts(296,10): error TS2678: Type '\"staging\"' is not comparable to type '\"development\" | \"production\" | \"test\"'.\napps/api/src/config/certificate-renewal.ts(56,51): error TS2353: Object literal may only specify known properties, and 'error' does not exist in type 'Error'.\napps/api/src/config/certificate-renewal.ts(117,50): error TS2353: Object literal may only specify known properties, and 'error' does not exist in type 'Error'.\napps/api/src/config/certificate-renewal.ts(153,54): error TS2353: Object literal may only specify known properties, and 'exitCode' does not exist in type 'Error'.\napps/api/src/config/certificate-renewal.ts(159,45): error TS2353: Object literal may only specify known properties, and 'error' does not exist in type 'Error'.\napps/api/src/config/certificate-renewal.ts(245,27): error TS2353: Object literal may only specify known pr",
      "status": "FAIL"
    }
  },
  "typescript_errors": [],
  "summary": {
    "total_apps_checked": 2,
    "apps_with_errors": 2,
    "missing_import_errors": 0,
    "overall_status": "COMPILATION_ERRORS"
  }
}